09:13:14.864 [main                     ] DEBUG Logger               - Configured Logger
09:13:14.982 [main                     ] DEBUG GameApplication      - Logging settings
Title: BasicGameSample
Version: 0.0
Width: 800
Height: 600
Fullscreen: false
Intro: false
Profiling: false
Single step:false
App Mode: DEVELOPER
Menu Key: ESCAPE
Stage Style: DECORATED
Scene Factory: class com.almasb.fxgl.app.scene.SceneFactory

09:13:17.300 [JavaFX Application Thread] DEBUG FXGLApplication      - Initializing FXGL
09:13:17.312 [JavaFX Application Thread] INFO  Engine               - FXGL-17 (31.12.2021 18.16) on WINDOWS (J:18.0.1.1 FX:18)
09:13:17.313 [JavaFX Application Thread] DEBUG Engine               - JRE Vendor Name: Oracle Corporation
09:13:17.314 [JavaFX Application Thread] DEBUG Engine               - Running on OS: Windows 10 version 10.0
09:13:17.314 [JavaFX Application Thread] DEBUG Engine               - Architecture: amd64
09:13:17.314 [JavaFX Application Thread] INFO  Engine               - Source code and latest versions at: https://github.com/AlmasB/FXGL
09:13:17.315 [JavaFX Application Thread] INFO  Engine               -       Ask questions and discuss at: https://github.com/AlmasB/FXGL/discussions
09:13:17.315 [JavaFX Application Thread] INFO  Engine               -              Join the FXGL chat at: https://gitter.im/AlmasB/FXGL
09:13:17.552 [JavaFX Application Thread] DEBUG PrimaryStageWindow   - Creating a JavaFX scene
09:13:17.666 [JavaFX Application Thread] DEBUG PrimaryStageWindow   - Target settings size: 800.0 x 600.0
09:13:17.667 [JavaFX Application Thread] DEBUG PrimaryStageWindow   - Scaled scene size:    800.0 x 600.0
09:13:17.668 [JavaFX Application Thread] DEBUG PrimaryStageWindow   - Scaled ratio: (1.0, 1.0)
09:13:17.670 [JavaFX Application Thread] DEBUG PrimaryStageWindow   - Set initial scene to FXGLStartupScene
09:13:17.688 [JavaFX Application Thread] DEBUG PrimaryStageWindow   - Opening main window
09:13:17.860 [JavaFX Application Thread] DEBUG PrimaryStageWindow   - Window border size: (16.0, 39.0)
09:13:17.860 [JavaFX Application Thread] DEBUG PrimaryStageWindow   - Scaled size: 800.0 x 600.0
09:13:17.861 [JavaFX Application Thread] DEBUG PrimaryStageWindow   - Scaled ratio: (1.0, 1.0)
09:13:17.862 [JavaFX Application Thread] DEBUG PrimaryStageWindow   - Scene size: 800.0 x 600.0
09:13:17.863 [JavaFX Application Thread] DEBUG PrimaryStageWindow   - Stage size: 816.0 x 639.0
09:13:17.886 [FXGL Background Thread 1 ] DEBUG Engine               - Initializing environment variables
09:13:18.035 [FXGL Background Thread 1 ] DEBUG FXGLAssetLoaderServi - User app class for loading assets: class RPG2D.App
09:13:18.036 [FXGL Background Thread 1 ] DEBUG GameApplicationServi - Applying CSS: fxgl_dark.css
09:13:18.038 [FXGL Background Thread 1 ] DEBUG FXGLAssetLoaderServi - Loading from file system: jar:file:///C:/Users/220157/.m2/repository/com/github/almasb/fxgl/17/fxgl-17.jar!/fxglassets/ui/css/fxgl_dark.css
09:13:18.173 [FXGL Background Thread 1 ] DEBUG GameApplicationServi - Initializing application scenes
09:13:18.661 [FXGL Background Thread 1 ] DEBUG GameWorld            - Game world initialized
09:13:18.811 [FXGL Background Thread 1 ] DEBUG PhysicsWorld         - Physics world initialized: appHeight=600, physics.ppm=50.0
09:13:18.811 [FXGL Background Thread 1 ] DEBUG PhysicsWorld         - Using strategy: BRUTE_FORCE
09:13:18.820 [FXGL Background Thread 1 ] DEBUG GameScene            - Game scene initialized: 800x600
09:13:18.846 [FXGL Background Thread 1 ] DEBUG FXGL.DefaultMenu     - createMenuBodyGameMenu()
09:13:18.883 [FXGL Background Thread 1 ] DEBUG FXGL.DefaultMenu     - createOptionsMenu()
09:13:18.909 [FXGL Background Thread 1 ] DEBUG FXGLAssetLoaderServi - Loading from file system: jar:file:///C:/Users/220157/.m2/repository/com/github/almasb/fxgl/17/fxgl-17.jar!/fxglassets/textures/particles/smoke.png
09:13:19.145 [FXGL Background Thread 1 ] DEBUG FXGLAssetLoaderServi - Loading from file system: jar:file:///C:/Users/220157/.m2/repository/com/github/almasb/fxgl/17/fxgl-17.jar!/fxglassets/textures/particles/trace_horizontal.png
09:13:19.240 [FXGL Background Thread 1 ] DEBUG GameApplicationServi - Application scenes initialized
09:13:19.268 [FXGL Background Thread 1 ] DEBUG SystemBundleService  - Loading FXGL system data
09:13:19.294 [FXGL Background Thread 1 ] DEBUG FileSystemAccess     - Reading from: C:\Users\220157\IdeaProjects\NGEM\system\fxgl.bundle
09:13:19.320 [FXGL Background Thread 1 ] DEBUG SystemBundleService  - Bundle FXGL: {}
09:13:19.320 [FXGL Background Thread 1 ] DEBUG UpdaterService       - Checking for updates
09:13:19.331 [FXGL Background Thread 1 ] DEBUG FXGLApplication      - Loading default localization
09:13:19.333 [FXGL Background Thread 1 ] DEBUG FXGLAssetLoaderServi - Loading from file system: jar:file:///C:/Users/220157/.m2/repository/com/github/almasb/fxgl/17/fxgl-17.jar!/fxglassets/languages/english.lang
09:13:19.336 [FXGL Background Thread 4 ] DEBUG FXGLApplication      - Loading fonts
09:13:19.337 [FXGL Background Thread 4 ] DEBUG FXGLAssetLoaderServi - Loading from file system: jar:file:///C:/Users/220157/.m2/repository/com/github/almasb/fxgl/17/fxgl-17.jar!/fxglassets/ui/fonts/VarelaRound-Regular.ttf
09:13:19.412 [FXGL Background Thread 1 ] INFO  FXGLApplication      - FXGL initialization took: 1.525 sec
09:13:19.415 [JavaFX Application Thread] DEBUG FXGLAssetLoaderServi - Loading from file system: jar:file:///C:/Users/220157/.m2/repository/com/github/almasb/fxgl/17/fxgl-17.jar!/fxglassets/textures/fxgl_icon.png
09:13:19.463 [JavaFX Application Thread] DEBUG FXGLAssetLoaderServi - Loading from file system: jar:file:///C:/Users/220157/.m2/repository/com/github/almasb/fxgl/17/fxgl-17.jar!/fxglassets/textures/fxgl_default_cursor.png
09:13:19.491 [JavaFX Application Thread] DEBUG Input                - Registered new binding: Screenshot - CTRL+8
09:13:19.492 [JavaFX Application Thread] DEBUG Input                - Registered new binding: System info dump - CTRL+9
09:13:19.493 [JavaFX Application Thread] DEBUG Input                - Registered new binding: Restart - CTRL+R
09:13:19.494 [JavaFX Application Thread] DEBUG Input                - Registered new binding: Toggle Debug Camera - CTRL+7
09:13:19.500 [JavaFX Application Thread] DEBUG LoopRunner           - Starting loop
09:13:19.500 [JavaFX Application Thread] DEBUG LoopRunner           - Initializing JavaFX AnimationTimerLoop
09:13:19.504 [JavaFX Application Thread] DEBUG GameApplicationServi - Starting new game
09:13:19.505 [JavaFX Application Thread] DEBUG Input                - Clearing active input actions
09:13:19.564 [JavaFX Application Thread] DEBUG GameApplicationServi - Removing overlay from FXGLStartupScene and adding to FXGLLoadingScene
09:13:19.565 [JavaFX Application Thread] DEBUG PrimaryStageWindow   - FXGLStartupScene -> FXGLLoadingScene
09:13:19.565 [JavaFX Application Thread] DEBUG GameApplicationServi - Clearing previous game
09:13:19.565 [JavaFX Application Thread] DEBUG GameScene            - Clearing game scene
09:13:19.565 [JavaFX Application Thread] DEBUG GameWorld            - Clearing game world
09:13:19.565 [JavaFX Application Thread] DEBUG PhysicsWorld         - Clearing physics world
09:13:19.764 [FXGL Background Thread 1 ] DEBUG FXGLApplication      - Initializing game
09:13:19.774 [FXGL Background Thread 1 ] INFO  FXGLApplication      - Game initialization took: 0.010 sec
09:13:19.858 [JavaFX Application Thread] DEBUG Input                - Clearing active input actions
09:13:19.883 [JavaFX Application Thread] DEBUG GameApplicationServi - Removing overlay from FXGLLoadingScene and adding to GameScene
09:13:19.884 [JavaFX Application Thread] DEBUG PrimaryStageWindow   - FXGLLoadingScene -> GameScene
09:13:20.105 [FXGL Background Thread 4 ] DEBUG FXGLAssetLoaderServi - Loading from file system: jar:file:///C:/Users/220157/.m2/repository/com/github/almasb/fxgl/17/fxgl-17.jar!/fxglassets/ui/fonts/Abel-Regular.ttf
09:13:20.137 [FXGL Background Thread 4 ] DEBUG FXGLAssetLoaderServi - Loading from file system: jar:file:///C:/Users/220157/.m2/repository/com/github/almasb/fxgl/17/fxgl-17.jar!/fxglassets/ui/fonts/TerminalLandMono-Regular.otf
09:13:20.166 [FXGL Background Thread 4 ] DEBUG FXGLAssetLoaderServi - Loading from file system: jar:file:///C:/Users/220157/.m2/repository/com/github/almasb/fxgl/17/fxgl-17.jar!/fxglassets/ui/fonts/Courier-Prime.ttf
09:13:20.191 [JavaFX Application Thread] DEBUG FXGLApplication      - Registering font factories with UI factory
09:13:21.188 [JavaFX Application Thread] DEBUG FXGLApplication      - Exiting FXGL
09:13:21.188 [JavaFX Application Thread] DEBUG LoopRunner           - Stopping loop
09:13:21.188 [JavaFX Application Thread] DEBUG SystemBundleService  - Saving FXGL system data
09:13:21.194 [JavaFX Application Thread] DEBUG FileSystemAccess     - Writing to: C:\Users\220157\IdeaProjects\NGEM\system\fxgl.bundle
09:13:21.199 [JavaFX Application Thread] DEBUG Async                - Shutting down background threads
09:13:21.200 [JavaFX Application Thread] DEBUG PrimaryStageWindow   - Closing main window
09:13:21.233 [JavaFX Application Thread] DEBUG Logger               - Closing Logger
09:13:21.387 [FXGL Background Thread 2 ] INFO  UpdaterService       - Your current version:  17
09:13:21.387 [FXGL Background Thread 2 ] INFO  UpdaterService       - Latest stable version: 17.1
