08:53:42.398 [main                     ] DEBUG Logger               - Configured Logger
08:53:42.507 [main                     ] DEBUG GameApplication      - Logging settings
Title: BasicGameSample
Version: 0.0
Width: 800
Height: 600
Fullscreen: false
Intro: false
Profiling: false
Single step:false
App Mode: DEVELOPER
Menu Key: ESCAPE
Stage Style: DECORATED
Scene Factory: class com.almasb.fxgl.app.scene.SceneFactory

08:53:44.585 [JavaFX Application Thread] DEBUG FXGLApplication      - Initializing FXGL
08:53:44.596 [JavaFX Application Thread] INFO  Engine               - FXGL-17 (31.12.2021 18.16) on WINDOWS (J:18.0.1.1 FX:18)
08:53:44.597 [JavaFX Application Thread] DEBUG Engine               - JRE Vendor Name: Oracle Corporation
08:53:44.597 [JavaFX Application Thread] DEBUG Engine               - Running on OS: Windows 10 version 10.0
08:53:44.598 [JavaFX Application Thread] DEBUG Engine               - Architecture: amd64
08:53:44.598 [JavaFX Application Thread] INFO  Engine               - Source code and latest versions at: https://github.com/AlmasB/FXGL
08:53:44.598 [JavaFX Application Thread] INFO  Engine               -       Ask questions and discuss at: https://github.com/AlmasB/FXGL/discussions
08:53:44.599 [JavaFX Application Thread] INFO  Engine               -              Join the FXGL chat at: https://gitter.im/AlmasB/FXGL
08:53:44.773 [JavaFX Application Thread] DEBUG PrimaryStageWindow   - Creating a JavaFX scene
08:53:44.957 [JavaFX Application Thread] DEBUG PrimaryStageWindow   - Target settings size: 800.0 x 600.0
08:53:44.958 [JavaFX Application Thread] DEBUG PrimaryStageWindow   - Scaled scene size:    800.0 x 600.0
08:53:44.958 [JavaFX Application Thread] DEBUG PrimaryStageWindow   - Scaled ratio: (1.0, 1.0)
08:53:44.960 [JavaFX Application Thread] DEBUG PrimaryStageWindow   - Set initial scene to FXGLStartupScene
08:53:44.974 [JavaFX Application Thread] DEBUG PrimaryStageWindow   - Opening main window
08:53:45.147 [JavaFX Application Thread] DEBUG PrimaryStageWindow   - Window border size: (16.0, 39.0)
08:53:45.148 [JavaFX Application Thread] DEBUG PrimaryStageWindow   - Scaled size: 800.0 x 600.0
08:53:45.149 [JavaFX Application Thread] DEBUG PrimaryStageWindow   - Scaled ratio: (1.0, 1.0)
08:53:45.150 [JavaFX Application Thread] DEBUG PrimaryStageWindow   - Scene size: 800.0 x 600.0
08:53:45.151 [JavaFX Application Thread] DEBUG PrimaryStageWindow   - Stage size: 816.0 x 639.0
08:53:45.178 [FXGL Background Thread 1 ] DEBUG Engine               - Initializing environment variables
08:53:45.328 [FXGL Background Thread 1 ] DEBUG FXGLAssetLoaderServi - User app class for loading assets: class RPG2D.App
08:53:45.328 [FXGL Background Thread 1 ] DEBUG GameApplicationServi - Applying CSS: fxgl_dark.css
08:53:45.330 [FXGL Background Thread 1 ] DEBUG FXGLAssetLoaderServi - Loading from file system: jar:file:///C:/Users/220157/.m2/repository/com/github/almasb/fxgl/17/fxgl-17.jar!/fxglassets/ui/css/fxgl_dark.css
08:53:45.456 [FXGL Background Thread 1 ] DEBUG GameApplicationServi - Initializing application scenes
08:53:46.086 [FXGL Background Thread 1 ] DEBUG GameWorld            - Game world initialized
08:53:46.249 [FXGL Background Thread 1 ] DEBUG PhysicsWorld         - Physics world initialized: appHeight=600, physics.ppm=50.0
08:53:46.249 [FXGL Background Thread 1 ] DEBUG PhysicsWorld         - Using strategy: BRUTE_FORCE
08:53:46.259 [FXGL Background Thread 1 ] DEBUG GameScene            - Game scene initialized: 800x600
08:53:46.289 [FXGL Background Thread 1 ] DEBUG FXGL.DefaultMenu     - createMenuBodyGameMenu()
08:53:46.332 [FXGL Background Thread 1 ] DEBUG FXGL.DefaultMenu     - createOptionsMenu()
08:53:46.378 [FXGL Background Thread 1 ] DEBUG FXGLAssetLoaderServi - Loading from file system: jar:file:///C:/Users/220157/.m2/repository/com/github/almasb/fxgl/17/fxgl-17.jar!/fxglassets/textures/particles/smoke.png
08:53:46.651 [FXGL Background Thread 1 ] DEBUG FXGLAssetLoaderServi - Loading from file system: jar:file:///C:/Users/220157/.m2/repository/com/github/almasb/fxgl/17/fxgl-17.jar!/fxglassets/textures/particles/trace_horizontal.png
08:53:46.713 [FXGL Background Thread 1 ] DEBUG GameApplicationServi - Application scenes initialized
08:53:46.753 [FXGL Background Thread 1 ] DEBUG SystemBundleService  - Loading default FXGL system data
08:53:46.754 [FXGL Background Thread 1 ] DEBUG UpdaterService       - Checking for updates
08:53:46.763 [FXGL Background Thread 1 ] DEBUG FXGLApplication      - Loading default localization
08:53:46.764 [FXGL Background Thread 1 ] DEBUG FXGLAssetLoaderServi - Loading from file system: jar:file:///C:/Users/220157/.m2/repository/com/github/almasb/fxgl/17/fxgl-17.jar!/fxglassets/languages/english.lang
08:53:46.770 [FXGL Background Thread 4 ] DEBUG FXGLApplication      - Loading fonts
08:53:46.771 [FXGL Background Thread 4 ] DEBUG FXGLAssetLoaderServi - Loading from file system: jar:file:///C:/Users/220157/.m2/repository/com/github/almasb/fxgl/17/fxgl-17.jar!/fxglassets/ui/fonts/VarelaRound-Regular.ttf
08:53:46.804 [FXGL Background Thread 1 ] INFO  FXGLApplication      - FXGL initialization took: 1.626 sec
08:53:46.806 [JavaFX Application Thread] DEBUG FXGLAssetLoaderServi - Loading from file system: jar:file:///C:/Users/220157/.m2/repository/com/github/almasb/fxgl/17/fxgl-17.jar!/fxglassets/textures/fxgl_icon.png
08:53:46.855 [JavaFX Application Thread] DEBUG FXGLAssetLoaderServi - Loading from file system: jar:file:///C:/Users/220157/.m2/repository/com/github/almasb/fxgl/17/fxgl-17.jar!/fxglassets/textures/fxgl_default_cursor.png
08:53:46.885 [JavaFX Application Thread] DEBUG Input                - Registered new binding: Screenshot - CTRL+8
08:53:46.886 [JavaFX Application Thread] DEBUG Input                - Registered new binding: System info dump - CTRL+9
08:53:46.887 [JavaFX Application Thread] DEBUG Input                - Registered new binding: Restart - CTRL+R
08:53:46.888 [JavaFX Application Thread] DEBUG Input                - Registered new binding: Toggle Debug Camera - CTRL+7
08:53:46.892 [JavaFX Application Thread] DEBUG LoopRunner           - Starting loop
08:53:46.892 [JavaFX Application Thread] DEBUG LoopRunner           - Initializing JavaFX AnimationTimerLoop
08:53:46.895 [JavaFX Application Thread] DEBUG GameApplicationServi - Starting new game
08:53:46.896 [JavaFX Application Thread] DEBUG Input                - Clearing active input actions
08:53:46.920 [JavaFX Application Thread] DEBUG GameApplicationServi - Removing overlay from FXGLStartupScene and adding to FXGLLoadingScene
08:53:46.921 [JavaFX Application Thread] DEBUG PrimaryStageWindow   - FXGLStartupScene -> FXGLLoadingScene
08:53:46.921 [JavaFX Application Thread] DEBUG GameApplicationServi - Clearing previous game
08:53:46.922 [JavaFX Application Thread] DEBUG GameScene            - Clearing game scene
08:53:46.922 [JavaFX Application Thread] DEBUG GameWorld            - Clearing game world
08:53:46.922 [JavaFX Application Thread] DEBUG PhysicsWorld         - Clearing physics world
08:53:46.925 [FXGL Background Thread 1 ] DEBUG FXGLApplication      - Initializing game
08:53:46.947 [FXGL Background Thread 1 ] INFO  FXGLApplication      - Game initialization took: 0.021 sec
08:53:47.006 [JavaFX Application Thread] DEBUG Input                - Clearing active input actions
08:53:47.024 [JavaFX Application Thread] DEBUG GameApplicationServi - Removing overlay from FXGLLoadingScene and adding to GameScene
08:53:47.024 [JavaFX Application Thread] DEBUG PrimaryStageWindow   - FXGLLoadingScene -> GameScene
08:53:47.249 [FXGL Background Thread 4 ] DEBUG FXGLAssetLoaderServi - Loading from file system: jar:file:///C:/Users/220157/.m2/repository/com/github/almasb/fxgl/17/fxgl-17.jar!/fxglassets/ui/fonts/Abel-Regular.ttf
08:53:47.267 [FXGL Background Thread 4 ] DEBUG FXGLAssetLoaderServi - Loading from file system: jar:file:///C:/Users/220157/.m2/repository/com/github/almasb/fxgl/17/fxgl-17.jar!/fxglassets/ui/fonts/TerminalLandMono-Regular.otf
08:53:47.290 [FXGL Background Thread 4 ] DEBUG FXGLAssetLoaderServi - Loading from file system: jar:file:///C:/Users/220157/.m2/repository/com/github/almasb/fxgl/17/fxgl-17.jar!/fxglassets/ui/fonts/Courier-Prime.ttf
08:53:47.314 [JavaFX Application Thread] DEBUG FXGLApplication      - Registering font factories with UI factory
08:53:48.188 [FXGL Background Thread 2 ] INFO  UpdaterService       - Your current version:  17
08:53:48.189 [FXGL Background Thread 2 ] INFO  UpdaterService       - Latest stable version: 17.1
08:53:49.760 [FXGL Background Thread 3 ] DEBUG Engine               - Logging environment variables
08:53:49.761 [FXGL Background Thread 3 ] DEBUG Engine               - achievements: []
08:53:49.762 [FXGL Background Thread 3 ] DEBUG Engine               - actualHeight: 600.0
08:53:49.762 [FXGL Background Thread 3 ] DEBUG Engine               - actualHeightProperty: ReadOnlyDoubleProperty [value: 600.0]
08:53:49.762 [FXGL Background Thread 3 ] DEBUG Engine               - actualWidth: 800.0
08:53:49.763 [FXGL Background Thread 3 ] DEBUG Engine               - actualWidthProperty: ReadOnlyDoubleProperty [value: 800.0]
08:53:49.763 [FXGL Background Thread 3 ] DEBUG Engine               - appIcon: fxgl_icon.png
08:53:49.764 [FXGL Background Thread 3 ] DEBUG Engine               - applicationMode: DEVELOPER
08:53:49.764 [FXGL Background Thread 3 ] DEBUG Engine               - cSSList: [fxgl_dark.css]
08:53:49.764 [FXGL Background Thread 3 ] DEBUG Engine               - collisionDetectionStrategy: BRUTE_FORCE
08:53:49.764 [FXGL Background Thread 3 ] DEBUG Engine               - configClass: Optional.empty
08:53:49.765 [FXGL Background Thread 3 ] DEBUG Engine               - credits: []
08:53:49.766 [FXGL Background Thread 3 ] DEBUG Engine               - defaultCursor: CursorInfo(imageName=fxgl_default_cursor.png, hotspotX=7.0, hotspotY=6.0)
08:53:49.767 [FXGL Background Thread 3 ] DEBUG Engine               - devBBoxColorProperty: ObjectProperty [value: 0xff0000ff]
08:53:49.767 [FXGL Background Thread 3 ] DEBUG Engine               - devEnableDebugCameraProperty: BooleanProperty [value: false]
08:53:49.768 [FXGL Background Thread 3 ] DEBUG Engine               - devSensorColorProperty: ObjectProperty [value: 0xffff00ff]
08:53:49.768 [FXGL Background Thread 3 ] DEBUG Engine               - devShowBBoxProperty: BooleanProperty [value: false]
08:53:49.769 [FXGL Background Thread 3 ] DEBUG Engine               - devShowPositionProperty: BooleanProperty [value: false]
08:53:49.769 [FXGL Background Thread 3 ] DEBUG Engine               - enabledMenuItems: []
08:53:49.769 [FXGL Background Thread 3 ] DEBUG Engine               - engineServices: [class com.almasb.fxgl.app.services.FXGLAssetLoaderService, class com.almasb.fxgl.app.FXGLApplication$GameApplicationService, class com.almasb.fxgl.app.services.FXGLDialogService, class com.almasb.fxgl.app.services.IOTaskExecutorService, class com.almasb.fxgl.io.FileSystemService, class com.almasb.fxgl.localization.LocalizationService, class com.almasb.fxgl.app.services.SystemBundleService, class com.almasb.fxgl.profile.SaveLoadService, class com.almasb.fxgl.ui.FXGLUIFactoryServiceProvider, class com.almasb.fxgl.ui.FXGLDialogFactoryServiceProvider, class com.almasb.fxgl.audio.AudioPlayer, class com.almasb.fxgl.notification.impl.NotificationServiceProvider, class com.almasb.fxgl.achievement.AchievementService, class com.almasb.fxgl.cutscene.CutsceneService, class com.almasb.fxgl.minigames.MiniGameService, class com.almasb.fxgl.net.NetService, class com.almasb.fxgl.app.services.UpdaterService, class com.almasb.fxgl.dev.DevService]
08:53:49.770 [FXGL Background Thread 3 ] DEBUG Engine               - fontGame: Abel-Regular.ttf
08:53:49.770 [FXGL Background Thread 3 ] DEBUG Engine               - fontMono: TerminalLandMono-Regular.otf
08:53:49.770 [FXGL Background Thread 3 ] DEBUG Engine               - fontText: Courier-Prime.ttf
08:53:49.770 [FXGL Background Thread 3 ] DEBUG Engine               - fontUI: VarelaRound-Regular.ttf
08:53:49.771 [FXGL Background Thread 3 ] DEBUG Engine               - fullScreen: BooleanProperty [value: false]
08:53:49.771 [FXGL Background Thread 3 ] DEBUG Engine               - gameDifficulty: MEDIUM
08:53:49.771 [FXGL Background Thread 3 ] DEBUG Engine               - gameDifficultyProperty: ObjectProperty [value: MEDIUM]
08:53:49.772 [FXGL Background Thread 3 ] DEBUG Engine               - globalMusicVolume: 0.5
08:53:49.772 [FXGL Background Thread 3 ] DEBUG Engine               - globalMusicVolumeProperty: DoubleProperty [value: 0.5]
08:53:49.772 [FXGL Background Thread 3 ] DEBUG Engine               - globalSoundVolume: 0.5
08:53:49.773 [FXGL Background Thread 3 ] DEBUG Engine               - globalSoundVolumeProperty: DoubleProperty [value: 0.5]
08:53:49.773 [FXGL Background Thread 3 ] DEBUG Engine               - height: 600
08:53:49.773 [FXGL Background Thread 3 ] DEBUG Engine               - is3D: false
08:53:49.773 [FXGL Background Thread 3 ] DEBUG Engine               - isAndroid: false
08:53:49.773 [FXGL Background Thread 3 ] DEBUG Engine               - isBrowser: false
08:53:49.774 [FXGL Background Thread 3 ] DEBUG Engine               - isClickFeedbackEnabled: false
08:53:49.774 [FXGL Background Thread 3 ] DEBUG Engine               - isCloseConfirmation: false
08:53:49.774 [FXGL Background Thread 3 ] DEBUG Engine               - isDesktop: true
08:53:49.775 [FXGL Background Thread 3 ] DEBUG Engine               - isDeveloperMenuEnabled: false
08:53:49.775 [FXGL Background Thread 3 ] DEBUG Engine               - isEmbedded: false
08:53:49.775 [FXGL Background Thread 3 ] DEBUG Engine               - isEntityPreloadEnabled: true
08:53:49.775 [FXGL Background Thread 3 ] DEBUG Engine               - isExperimentalTiledLargeMap: false
08:53:49.776 [FXGL Background Thread 3 ] DEBUG Engine               - isFileSystemWriteAllowed: true
08:53:49.776 [FXGL Background Thread 3 ] DEBUG Engine               - isFullScreenAllowed: false
08:53:49.776 [FXGL Background Thread 3 ] DEBUG Engine               - isFullScreenFromStart: false
08:53:49.776 [FXGL Background Thread 3 ] DEBUG Engine               - isGameMenuEnabled: true
08:53:49.777 [FXGL Background Thread 3 ] DEBUG Engine               - isIOS: false
08:53:49.777 [FXGL Background Thread 3 ] DEBUG Engine               - isIntroEnabled: false
08:53:49.777 [FXGL Background Thread 3 ] DEBUG Engine               - isLinux: false
08:53:49.777 [FXGL Background Thread 3 ] DEBUG Engine               - isMac: false
08:53:49.777 [FXGL Background Thread 3 ] DEBUG Engine               - isMainMenuEnabled: false
08:53:49.777 [FXGL Background Thread 3 ] DEBUG Engine               - isManualResizeEnabled: false
08:53:49.778 [FXGL Background Thread 3 ] DEBUG Engine               - isMobile: false
08:53:49.778 [FXGL Background Thread 3 ] DEBUG Engine               - isNative: false
08:53:49.778 [FXGL Background Thread 3 ] DEBUG Engine               - isPauseMusicWhenMinimized: true
08:53:49.778 [FXGL Background Thread 3 ] DEBUG Engine               - isPreserveResizeRatio: false
08:53:49.778 [FXGL Background Thread 3 ] DEBUG Engine               - isProfilingEnabled: false
08:53:49.779 [FXGL Background Thread 3 ] DEBUG Engine               - isScaleAffectedOnResize: true
08:53:49.779 [FXGL Background Thread 3 ] DEBUG Engine               - isSingleStep: false
08:53:49.779 [FXGL Background Thread 3 ] DEBUG Engine               - isUserProfileEnabled: false
08:53:49.780 [FXGL Background Thread 3 ] DEBUG Engine               - isWindows: true
08:53:49.780 [FXGL Background Thread 3 ] DEBUG Engine               - language: ObjectProperty [value: ENGLISH]
08:53:49.780 [FXGL Background Thread 3 ] DEBUG Engine               - menuKey: ESCAPE
08:53:49.781 [FXGL Background Thread 3 ] DEBUG Engine               - mouseSensitivity: 0.2
08:53:49.781 [FXGL Background Thread 3 ] DEBUG Engine               - notificationViewClass: class com.almasb.fxgl.notification.view.XboxNotificationView
08:53:49.781 [FXGL Background Thread 3 ] DEBUG Engine               - pixelsPerMeter: 50.0
08:53:49.782 [FXGL Background Thread 3 ] DEBUG Engine               - platform: WINDOWS
08:53:49.782 [FXGL Background Thread 3 ] DEBUG Engine               - prefHeightProperty: ReadOnlyDoubleProperty [value: 600.0]
08:53:49.782 [FXGL Background Thread 3 ] DEBUG Engine               - prefWidthProperty: ReadOnlyDoubleProperty [value: 800.0]
08:53:49.783 [FXGL Background Thread 3 ] DEBUG Engine               - profileDir: profiles/
08:53:49.783 [FXGL Background Thread 3 ] DEBUG Engine               - profileName: StringProperty [value: DEFAULT]
08:53:49.783 [FXGL Background Thread 3 ] DEBUG Engine               - randomSeed: -1
08:53:49.784 [FXGL Background Thread 3 ] DEBUG Engine               - runtimeInfo: RuntimeInfo(platform=WINDOWS, version=17, build=31.12.2021 18.16)
08:53:49.784 [FXGL Background Thread 3 ] DEBUG Engine               - saveFileExt: sav
08:53:49.785 [FXGL Background Thread 3 ] DEBUG Engine               - scaledHeightProp$fxgl: DoubleProperty [bound, value: 600.0]
08:53:49.785 [FXGL Background Thread 3 ] DEBUG Engine               - scaledWidthProp$fxgl: DoubleProperty [bound, value: 800.0]
08:53:49.785 [FXGL Background Thread 3 ] DEBUG Engine               - sceneFactory: com.almasb.fxgl.app.scene.SceneFactory@7842a589
08:53:49.785 [FXGL Background Thread 3 ] DEBUG Engine               - secondsIn24h: 60
08:53:49.785 [FXGL Background Thread 3 ] DEBUG Engine               - soundMenuBack: menu/back.wav
08:53:49.786 [FXGL Background Thread 3 ] DEBUG Engine               - soundMenuPress: menu/press.wav
08:53:49.786 [FXGL Background Thread 3 ] DEBUG Engine               - soundMenuSelect: menu/select.wav
08:53:49.786 [FXGL Background Thread 3 ] DEBUG Engine               - soundNotification: core/notification.wav
08:53:49.786 [FXGL Background Thread 3 ] DEBUG Engine               - stageStyle: DECORATED
08:53:49.786 [FXGL Background Thread 3 ] DEBUG Engine               - supportedLanguages: [ENGLISH, FRENCH, GERMAN, HUNGARIAN, RUSSIAN]
08:53:49.787 [FXGL Background Thread 3 ] DEBUG Engine               - ticksPerSecond: -1
08:53:49.787 [FXGL Background Thread 3 ] DEBUG Engine               - title: BasicGameSample
08:53:49.787 [FXGL Background Thread 3 ] DEBUG Engine               - urlGithub: https://github.com/AlmasB/FXGL
08:53:49.787 [FXGL Background Thread 3 ] DEBUG Engine               - urlLeaderboard: http://fxgl-top.herokuapp.com/
08:53:49.787 [FXGL Background Thread 3 ] DEBUG Engine               - urlPOM: https://raw.githubusercontent.com/AlmasB/FXGL/release/README.md
08:53:49.788 [FXGL Background Thread 3 ] DEBUG Engine               - userAppClass: class RPG2D.App
08:53:49.788 [FXGL Background Thread 3 ] DEBUG Engine               - version: 0.0
08:53:49.788 [FXGL Background Thread 3 ] DEBUG Engine               - versionCheckDays: 7
08:53:49.788 [FXGL Background Thread 3 ] DEBUG Engine               - width: 800
08:53:49.788 [FXGL Background Thread 3 ] DEBUG Engine               - Logging services
08:53:49.789 [FXGL Background Thread 3 ] DEBUG Engine               - class com.almasb.fxgl.app.services.FXGLAssetLoaderService
08:53:49.789 [FXGL Background Thread 3 ] DEBUG Engine               - class com.almasb.fxgl.app.FXGLApplication$GameApplicationService
08:53:49.789 [FXGL Background Thread 3 ] DEBUG Engine               - class com.almasb.fxgl.app.services.FXGLDialogService
08:53:49.789 [FXGL Background Thread 3 ] DEBUG Engine               - class com.almasb.fxgl.app.services.IOTaskExecutorService
08:53:49.789 [FXGL Background Thread 3 ] DEBUG Engine               - class com.almasb.fxgl.io.FileSystemService
08:53:49.790 [FXGL Background Thread 3 ] DEBUG Engine               - class com.almasb.fxgl.localization.LocalizationService
08:53:49.790 [FXGL Background Thread 3 ] DEBUG Engine               - class com.almasb.fxgl.app.services.SystemBundleService
08:53:49.790 [FXGL Background Thread 3 ] DEBUG Engine               - class com.almasb.fxgl.profile.SaveLoadService
08:53:49.790 [FXGL Background Thread 3 ] DEBUG Engine               - class com.almasb.fxgl.ui.FXGLUIFactoryServiceProvider
08:53:49.790 [FXGL Background Thread 3 ] DEBUG Engine               - class com.almasb.fxgl.ui.FXGLDialogFactoryServiceProvider
08:53:49.790 [FXGL Background Thread 3 ] DEBUG Engine               - class com.almasb.fxgl.audio.AudioPlayer
08:53:49.791 [FXGL Background Thread 3 ] DEBUG Engine               - class com.almasb.fxgl.notification.impl.NotificationServiceProvider
08:53:49.791 [FXGL Background Thread 3 ] DEBUG Engine               - class com.almasb.fxgl.achievement.AchievementService
08:53:49.791 [FXGL Background Thread 3 ] DEBUG Engine               - class com.almasb.fxgl.cutscene.CutsceneService
08:53:49.791 [FXGL Background Thread 3 ] DEBUG Engine               - class com.almasb.fxgl.minigames.MiniGameService
08:53:49.791 [FXGL Background Thread 3 ] DEBUG Engine               - class com.almasb.fxgl.net.NetService
08:53:49.791 [FXGL Background Thread 3 ] DEBUG Engine               - class com.almasb.fxgl.app.services.UpdaterService
08:53:49.792 [FXGL Background Thread 3 ] DEBUG Engine               - class com.almasb.fxgl.dev.DevService
08:53:59.059 [JavaFX Application Thread] DEBUG FXGLApplication      - Exiting FXGL
08:53:59.059 [JavaFX Application Thread] DEBUG LoopRunner           - Stopping loop
08:53:59.059 [JavaFX Application Thread] DEBUG SystemBundleService  - Saving FXGL system data
08:53:59.065 [JavaFX Application Thread] DEBUG FileSystemAccess     - Writing to: C:\Users\220157\IdeaProjects\NGEM\system\fxgl.bundle
08:53:59.085 [JavaFX Application Thread] DEBUG Async                - Shutting down background threads
08:53:59.085 [JavaFX Application Thread] DEBUG PrimaryStageWindow   - Closing main window
08:53:59.143 [JavaFX Application Thread] DEBUG Logger               - Closing Logger
