09:24:48.607 [main                     ] DEBUG Logger               - Configured Logger
09:24:48.780 [main                     ] DEBUG GameApplication      - Logging settings
Title: BasicGameSample
Version: 0.0
Width: 1024
Height: 768
Fullscreen: false
Intro: false
Profiling: false
Single step:false
App Mode: DEVELOPER
Menu Key: ESCAPE
Stage Style: DECORATED
Scene Factory: class com.almasb.fxgl.app.scene.SceneFactory

09:24:49.536 [JavaFX Application Thread] DEBUG FXGLApplication      - Initializing FXGL
09:24:49.554 [JavaFX Application Thread] INFO  Engine               - FXGL-17 (31.12.2021 18.16) on WINDOWS (J:18.0.1.1 FX:18)
09:24:49.554 [JavaFX Application Thread] DEBUG Engine               - JRE Vendor Name: Oracle Corporation
09:24:49.555 [JavaFX Application Thread] DEBUG Engine               - Running on OS: Windows 10 version 10.0
09:24:49.555 [JavaFX Application Thread] DEBUG Engine               - Architecture: amd64
09:24:49.556 [JavaFX Application Thread] INFO  Engine               - Source code and latest versions at: https://github.com/AlmasB/FXGL
09:24:49.556 [JavaFX Application Thread] INFO  Engine               -       Ask questions and discuss at: https://github.com/AlmasB/FXGL/discussions
09:24:49.557 [JavaFX Application Thread] INFO  Engine               -              Join the FXGL chat at: https://gitter.im/AlmasB/FXGL
09:24:49.814 [JavaFX Application Thread] DEBUG PrimaryStageWindow   - Creating a JavaFX scene
09:24:49.814 [JavaFX Application Thread] DEBUG PrimaryStageWindow   - Target size > screen size
09:24:49.929 [JavaFX Application Thread] DEBUG PrimaryStageWindow   - Target settings size: 1024.0 x 768.0
09:24:49.930 [JavaFX Application Thread] DEBUG PrimaryStageWindow   - Scaled scene size:    945.0 x 727.0
09:24:49.931 [JavaFX Application Thread] DEBUG PrimaryStageWindow   - Scaled ratio: (0.9228515625, 0.9466145833333334)
09:24:49.933 [JavaFX Application Thread] DEBUG PrimaryStageWindow   - Set initial scene to FXGLStartupScene
09:24:49.951 [JavaFX Application Thread] DEBUG PrimaryStageWindow   - Opening main window
09:24:50.127 [JavaFX Application Thread] DEBUG PrimaryStageWindow   - Window border size: (16.0, 39.0)
09:24:50.128 [JavaFX Application Thread] DEBUG PrimaryStageWindow   - Scaled size: 945.0 x 727.0
09:24:50.129 [JavaFX Application Thread] DEBUG PrimaryStageWindow   - Scaled ratio: (0.9228515625, 0.9466145833333334)
09:24:50.129 [JavaFX Application Thread] DEBUG PrimaryStageWindow   - Scene size: 945.0 x 727.0
09:24:50.130 [JavaFX Application Thread] DEBUG PrimaryStageWindow   - Stage size: 961.0 x 766.0
09:24:50.160 [FXGL Background Thread 1 ] DEBUG Engine               - Initializing environment variables
09:24:50.291 [FXGL Background Thread 1 ] DEBUG FXGLAssetLoaderServi - User app class for loading assets: class RPG2D.App
09:24:50.295 [FXGL Background Thread 1 ] DEBUG GameApplicationServi - Applying CSS: fxgl_dark.css
09:24:50.297 [FXGL Background Thread 1 ] DEBUG FXGLAssetLoaderServi - Loading from file system: jar:file:///C:/Users/220157/.m2/repository/com/github/almasb/fxgl/17/fxgl-17.jar!/fxglassets/ui/css/fxgl_dark.css
09:24:50.432 [FXGL Background Thread 1 ] DEBUG GameApplicationServi - Initializing application scenes
09:24:50.752 [FXGL Background Thread 1 ] DEBUG GameWorld            - Game world initialized
09:24:50.894 [FXGL Background Thread 1 ] DEBUG PhysicsWorld         - Physics world initialized: appHeight=768, physics.ppm=50.0
09:24:50.894 [FXGL Background Thread 1 ] DEBUG PhysicsWorld         - Using strategy: BRUTE_FORCE
09:24:50.924 [FXGL Background Thread 1 ] DEBUG GameScene            - Game scene initialized: 1024x768
09:24:50.951 [FXGL Background Thread 1 ] DEBUG FXGL.DefaultMenu     - createMenuBodyGameMenu()
09:24:50.983 [FXGL Background Thread 1 ] DEBUG FXGL.DefaultMenu     - createOptionsMenu()
09:24:51.009 [FXGL Background Thread 1 ] DEBUG FXGLAssetLoaderServi - Loading from file system: jar:file:///C:/Users/220157/.m2/repository/com/github/almasb/fxgl/17/fxgl-17.jar!/fxglassets/textures/particles/smoke.png
09:24:51.236 [FXGL Background Thread 1 ] DEBUG FXGLAssetLoaderServi - Loading from file system: jar:file:///C:/Users/220157/.m2/repository/com/github/almasb/fxgl/17/fxgl-17.jar!/fxglassets/textures/particles/trace_horizontal.png
09:24:51.297 [FXGL Background Thread 1 ] DEBUG GameApplicationServi - Application scenes initialized
09:24:51.323 [FXGL Background Thread 1 ] DEBUG SystemBundleService  - Loading FXGL system data
09:24:51.336 [FXGL Background Thread 1 ] DEBUG FileSystemAccess     - Reading from: C:\Users\220157\IdeaProjects\NGEM\system\fxgl.bundle
09:24:51.371 [FXGL Background Thread 1 ] DEBUG SystemBundleService  - Bundle FXGL: {}
09:24:51.371 [FXGL Background Thread 1 ] DEBUG UpdaterService       - Checking for updates
09:24:51.381 [FXGL Background Thread 4 ] DEBUG FXGLApplication      - Loading fonts
09:24:51.381 [FXGL Background Thread 1 ] DEBUG FXGLApplication      - Loading default localization
09:24:51.382 [FXGL Background Thread 1 ] DEBUG FXGLAssetLoaderServi - Loading from file system: jar:file:///C:/Users/220157/.m2/repository/com/github/almasb/fxgl/17/fxgl-17.jar!/fxglassets/languages/english.lang
09:24:51.389 [FXGL Background Thread 4 ] DEBUG FXGLAssetLoaderServi - Loading from file system: jar:file:///C:/Users/220157/.m2/repository/com/github/almasb/fxgl/17/fxgl-17.jar!/fxglassets/ui/fonts/VarelaRound-Regular.ttf
09:24:51.430 [FXGL Background Thread 1 ] INFO  FXGLApplication      - FXGL initialization took: 1.269 sec
09:24:51.432 [JavaFX Application Thread] DEBUG FXGLAssetLoaderServi - Loading from file system: jar:file:///C:/Users/220157/.m2/repository/com/github/almasb/fxgl/17/fxgl-17.jar!/fxglassets/textures/fxgl_icon.png
09:24:51.507 [JavaFX Application Thread] DEBUG FXGLAssetLoaderServi - Loading from file system: jar:file:///C:/Users/220157/.m2/repository/com/github/almasb/fxgl/17/fxgl-17.jar!/fxglassets/textures/fxgl_default_cursor.png
09:24:51.532 [JavaFX Application Thread] DEBUG Input                - Registered new binding: Screenshot - CTRL+8
09:24:51.533 [JavaFX Application Thread] DEBUG Input                - Registered new binding: System info dump - CTRL+9
09:24:51.533 [JavaFX Application Thread] DEBUG Input                - Registered new binding: Restart - CTRL+R
09:24:51.534 [JavaFX Application Thread] DEBUG Input                - Registered new binding: Toggle Debug Camera - CTRL+7
09:24:51.538 [JavaFX Application Thread] DEBUG LoopRunner           - Starting loop
09:24:51.538 [JavaFX Application Thread] DEBUG LoopRunner           - Initializing JavaFX AnimationTimerLoop
09:24:51.541 [JavaFX Application Thread] DEBUG GameApplicationServi - Starting new game
09:24:51.542 [JavaFX Application Thread] DEBUG Input                - Clearing active input actions
09:24:51.590 [JavaFX Application Thread] DEBUG GameApplicationServi - Removing overlay from FXGLStartupScene and adding to FXGLLoadingScene
09:24:51.591 [JavaFX Application Thread] DEBUG PrimaryStageWindow   - FXGLStartupScene -> FXGLLoadingScene
09:24:51.591 [JavaFX Application Thread] DEBUG GameApplicationServi - Clearing previous game
09:24:51.591 [JavaFX Application Thread] DEBUG GameScene            - Clearing game scene
09:24:51.591 [JavaFX Application Thread] DEBUG GameWorld            - Clearing game world
09:24:51.592 [JavaFX Application Thread] DEBUG PhysicsWorld         - Clearing physics world
09:24:51.594 [FXGL Background Thread 1 ] DEBUG FXGLApplication      - Initializing game
09:24:51.605 [FXGL Background Thread 1 ] INFO  FXGLApplication      - Game initialization took: 0.010 sec
09:24:51.664 [JavaFX Application Thread] DEBUG Input                - Clearing active input actions
09:24:51.679 [JavaFX Application Thread] DEBUG GameApplicationServi - Removing overlay from FXGLLoadingScene and adding to GameScene
09:24:51.692 [JavaFX Application Thread] DEBUG PrimaryStageWindow   - FXGLLoadingScene -> GameScene
09:24:51.957 [FXGL Background Thread 4 ] DEBUG FXGLAssetLoaderServi - Loading from file system: jar:file:///C:/Users/220157/.m2/repository/com/github/almasb/fxgl/17/fxgl-17.jar!/fxglassets/ui/fonts/Abel-Regular.ttf
09:24:52.010 [FXGL Background Thread 4 ] DEBUG FXGLAssetLoaderServi - Loading from file system: jar:file:///C:/Users/220157/.m2/repository/com/github/almasb/fxgl/17/fxgl-17.jar!/fxglassets/ui/fonts/TerminalLandMono-Regular.otf
09:24:52.044 [FXGL Background Thread 4 ] DEBUG FXGLAssetLoaderServi - Loading from file system: jar:file:///C:/Users/220157/.m2/repository/com/github/almasb/fxgl/17/fxgl-17.jar!/fxglassets/ui/fonts/Courier-Prime.ttf
09:24:52.070 [JavaFX Application Thread] DEBUG FXGLApplication      - Registering font factories with UI factory
09:24:52.696 [FXGL Background Thread 2 ] INFO  UpdaterService       - Your current version:  17
09:24:52.696 [FXGL Background Thread 2 ] INFO  UpdaterService       - Latest stable version: 17.1
09:24:54.231 [JavaFX Application Thread] DEBUG FXGLApplication      - Exiting FXGL
09:24:54.232 [JavaFX Application Thread] DEBUG LoopRunner           - Stopping loop
09:24:54.232 [JavaFX Application Thread] DEBUG SystemBundleService  - Saving FXGL system data
09:24:54.237 [JavaFX Application Thread] DEBUG FileSystemAccess     - Writing to: C:\Users\220157\IdeaProjects\NGEM\system\fxgl.bundle
09:24:54.242 [JavaFX Application Thread] DEBUG Async                - Shutting down background threads
09:24:54.242 [JavaFX Application Thread] DEBUG PrimaryStageWindow   - Closing main window
09:24:54.288 [JavaFX Application Thread] DEBUG Logger               - Closing Logger
