10:27:55.954 [main                     ] DEBUG Logger               - Configured Logger
10:27:56.027 [main                     ] DEBUG GameApplication      - Logging settings
Title: SimpleTitle
Version: 0.0
Width: 1280
Height: 720
Fullscreen: false
Intro: false
Profiling: false
Single step:false
App Mode: DEVELOPER
Menu Key: ESCAPE
Stage Style: DECORATED
Scene Factory: class com.almasb.fxgl.app.scene.SceneFactory

10:27:56.580 [JavaFX Application Thread] DEBUG FXGLApplication      - Initializing FXGL
10:27:56.595 [JavaFX Application Thread] INFO  Engine               - FXGL-17 (31.12.2021 18.16) on WINDOWS (J:18.0.1.1 FX:18)
10:27:56.596 [JavaFX Application Thread] DEBUG Engine               - JRE Vendor Name: Oracle Corporation
10:27:56.596 [JavaFX Application Thread] DEBUG Engine               - Running on OS: Windows 10 version 10.0
10:27:56.597 [JavaFX Application Thread] DEBUG Engine               - Architecture: amd64
10:27:56.597 [JavaFX Application Thread] INFO  Engine               - Source code and latest versions at: https://github.com/AlmasB/FXGL
10:27:56.597 [JavaFX Application Thread] INFO  Engine               -       Ask questions and discuss at: https://github.com/AlmasB/FXGL/discussions
10:27:56.598 [JavaFX Application Thread] INFO  Engine               -              Join the FXGL chat at: https://gitter.im/AlmasB/FXGL
10:27:56.772 [JavaFX Application Thread] DEBUG PrimaryStageWindow   - Creating a JavaFX scene
10:27:56.856 [JavaFX Application Thread] DEBUG PrimaryStageWindow   - Target settings size: 1280.0 x 720.0
10:27:56.856 [JavaFX Application Thread] DEBUG PrimaryStageWindow   - Scaled scene size:    1280.0 x 720.0
10:27:56.857 [JavaFX Application Thread] DEBUG PrimaryStageWindow   - Scaled ratio: (1.0, 1.0)
10:27:56.859 [JavaFX Application Thread] DEBUG PrimaryStageWindow   - Set initial scene to FXGLStartupScene
10:27:56.875 [JavaFX Application Thread] DEBUG PrimaryStageWindow   - Opening main window
10:27:57.031 [JavaFX Application Thread] DEBUG PrimaryStageWindow   - Window border size: (16.0, 39.0)
10:27:57.032 [JavaFX Application Thread] DEBUG PrimaryStageWindow   - Scaled size: 1280.0 x 720.0
10:27:57.034 [JavaFX Application Thread] DEBUG PrimaryStageWindow   - Scaled ratio: (1.0, 1.0)
10:27:57.035 [JavaFX Application Thread] DEBUG PrimaryStageWindow   - Scene size: 1280.0 x 720.0
10:27:57.035 [JavaFX Application Thread] DEBUG PrimaryStageWindow   - Stage size: 1296.0 x 759.0
10:27:57.054 [FXGL Background Thread 1 ] DEBUG Engine               - Initializing environment variables
10:27:57.193 [FXGL Background Thread 1 ] DEBUG FXGLAssetLoaderServi - User app class for loading assets: class RPG2D.App
10:27:57.194 [FXGL Background Thread 1 ] DEBUG GameApplicationServi - Applying CSS: fxgl_dark.css
10:27:57.197 [FXGL Background Thread 1 ] DEBUG FXGLAssetLoaderServi - Loading from file system: jar:file:///C:/Users/220157/.m2/repository/com/github/almasb/fxgl/17/fxgl-17.jar!/fxglassets/ui/css/fxgl_dark.css
10:27:57.329 [FXGL Background Thread 1 ] DEBUG GameApplicationServi - Initializing application scenes
10:27:57.574 [FXGL Background Thread 1 ] DEBUG GameWorld            - Game world initialized
10:27:57.709 [FXGL Background Thread 1 ] DEBUG PhysicsWorld         - Physics world initialized: appHeight=720, physics.ppm=50.0
10:27:57.710 [FXGL Background Thread 1 ] DEBUG PhysicsWorld         - Using strategy: BRUTE_FORCE
10:27:57.719 [FXGL Background Thread 1 ] DEBUG GameScene            - Game scene initialized: 1280x720
10:27:57.744 [FXGL Background Thread 1 ] DEBUG FXGL.DefaultMenu     - createMenuBodyGameMenu()
10:27:57.775 [FXGL Background Thread 1 ] DEBUG FXGL.DefaultMenu     - createOptionsMenu()
10:27:57.801 [FXGL Background Thread 1 ] DEBUG FXGLAssetLoaderServi - Loading from file system: jar:file:///C:/Users/220157/.m2/repository/com/github/almasb/fxgl/17/fxgl-17.jar!/fxglassets/textures/particles/smoke.png
10:27:58.016 [FXGL Background Thread 1 ] DEBUG FXGLAssetLoaderServi - Loading from file system: jar:file:///C:/Users/220157/.m2/repository/com/github/almasb/fxgl/17/fxgl-17.jar!/fxglassets/textures/particles/trace_horizontal.png
10:27:58.091 [FXGL Background Thread 1 ] DEBUG GameApplicationServi - Application scenes initialized
10:27:58.118 [FXGL Background Thread 1 ] DEBUG SystemBundleService  - Loading FXGL system data
10:27:58.156 [FXGL Background Thread 1 ] DEBUG FileSystemAccess     - Reading from: C:\Users\220157\IdeaProjects\NGEM\system\fxgl.bundle
10:27:58.177 [FXGL Background Thread 1 ] DEBUG SystemBundleService  - Bundle FXGL: {}
10:27:58.178 [FXGL Background Thread 1 ] DEBUG UpdaterService       - Checking for updates
10:27:58.189 [FXGL Background Thread 1 ] DEBUG FXGLApplication      - Loading default localization
10:27:58.190 [FXGL Background Thread 1 ] DEBUG FXGLAssetLoaderServi - Loading from file system: jar:file:///C:/Users/220157/.m2/repository/com/github/almasb/fxgl/17/fxgl-17.jar!/fxglassets/languages/english.lang
10:27:58.223 [FXGL Background Thread 1 ] INFO  FXGLApplication      - FXGL initialization took: 1.169 sec
10:27:58.225 [JavaFX Application Thread] DEBUG FXGLAssetLoaderServi - Loading from file system: jar:file:///C:/Users/220157/.m2/repository/com/github/almasb/fxgl/17/fxgl-17.jar!/fxglassets/textures/fxgl_icon.png
10:27:58.236 [FXGL Background Thread 4 ] DEBUG FXGLApplication      - Loading fonts
10:27:58.236 [FXGL Background Thread 4 ] DEBUG FXGLAssetLoaderServi - Loading from file system: jar:file:///C:/Users/220157/.m2/repository/com/github/almasb/fxgl/17/fxgl-17.jar!/fxglassets/ui/fonts/VarelaRound-Regular.ttf
10:27:58.308 [JavaFX Application Thread] DEBUG FXGLAssetLoaderServi - Loading from file system: jar:file:///C:/Users/220157/.m2/repository/com/github/almasb/fxgl/17/fxgl-17.jar!/fxglassets/textures/fxgl_default_cursor.png
10:27:58.337 [JavaFX Application Thread] DEBUG Input                - Registered new binding: Screenshot - CTRL+8
10:27:58.338 [JavaFX Application Thread] DEBUG Input                - Registered new binding: System info dump - CTRL+9
10:27:58.338 [JavaFX Application Thread] DEBUG Input                - Registered new binding: Restart - CTRL+R
10:27:58.339 [JavaFX Application Thread] DEBUG Input                - Registered new binding: Toggle Debug Camera - CTRL+7
10:27:58.343 [JavaFX Application Thread] DEBUG LoopRunner           - Starting loop
10:27:58.343 [JavaFX Application Thread] DEBUG LoopRunner           - Initializing JavaFX AnimationTimerLoop
10:27:58.346 [JavaFX Application Thread] DEBUG GameApplicationServi - Starting new game
10:27:58.346 [JavaFX Application Thread] DEBUG Input                - Clearing active input actions
10:27:58.371 [JavaFX Application Thread] DEBUG GameApplicationServi - Removing overlay from FXGLStartupScene and adding to FXGLLoadingScene
10:27:58.372 [JavaFX Application Thread] DEBUG PrimaryStageWindow   - FXGLStartupScene -> FXGLLoadingScene
10:27:58.372 [JavaFX Application Thread] DEBUG GameApplicationServi - Clearing previous game
10:27:58.372 [JavaFX Application Thread] DEBUG GameScene            - Clearing game scene
10:27:58.372 [JavaFX Application Thread] DEBUG GameWorld            - Clearing game world
10:27:58.373 [JavaFX Application Thread] DEBUG PhysicsWorld         - Clearing physics world
10:27:58.375 [FXGL Background Thread 1 ] DEBUG FXGLApplication      - Initializing game
10:27:58.383 [FXGL Background Thread 1 ] INFO  FXGLApplication      - Game initialization took: 0.008 sec
10:27:58.458 [JavaFX Application Thread] DEBUG Input                - Clearing active input actions
10:27:58.474 [JavaFX Application Thread] DEBUG GameApplicationServi - Removing overlay from FXGLLoadingScene and adding to GameScene
10:27:58.474 [JavaFX Application Thread] DEBUG PrimaryStageWindow   - FXGLLoadingScene -> GameScene
10:27:58.816 [FXGL Background Thread 4 ] DEBUG FXGLAssetLoaderServi - Loading from file system: jar:file:///C:/Users/220157/.m2/repository/com/github/almasb/fxgl/17/fxgl-17.jar!/fxglassets/ui/fonts/Abel-Regular.ttf
10:27:58.847 [FXGL Background Thread 4 ] DEBUG FXGLAssetLoaderServi - Loading from file system: jar:file:///C:/Users/220157/.m2/repository/com/github/almasb/fxgl/17/fxgl-17.jar!/fxglassets/ui/fonts/TerminalLandMono-Regular.otf
10:27:58.878 [FXGL Background Thread 4 ] DEBUG FXGLAssetLoaderServi - Loading from file system: jar:file:///C:/Users/220157/.m2/repository/com/github/almasb/fxgl/17/fxgl-17.jar!/fxglassets/ui/fonts/Courier-Prime.ttf
10:27:58.903 [JavaFX Application Thread] DEBUG FXGLApplication      - Registering font factories with UI factory
10:27:59.687 [FXGL Background Thread 2 ] INFO  UpdaterService       - Your current version:  17
10:27:59.687 [FXGL Background Thread 2 ] INFO  UpdaterService       - Latest stable version: 17.1
10:28:01.185 [FXGL Background Thread 3 ] DEBUG Engine               - Logging environment variables
10:28:01.187 [FXGL Background Thread 3 ] DEBUG Engine               - achievements: []
10:28:01.187 [FXGL Background Thread 3 ] DEBUG Engine               - actualHeight: 720.0
10:28:01.188 [FXGL Background Thread 3 ] DEBUG Engine               - actualHeightProperty: ReadOnlyDoubleProperty [value: 720.0]
10:28:01.188 [FXGL Background Thread 3 ] DEBUG Engine               - actualWidth: 1280.0
10:28:01.188 [FXGL Background Thread 3 ] DEBUG Engine               - actualWidthProperty: ReadOnlyDoubleProperty [value: 1280.0]
10:28:01.189 [FXGL Background Thread 3 ] DEBUG Engine               - appIcon: fxgl_icon.png
10:28:01.189 [FXGL Background Thread 3 ] DEBUG Engine               - applicationMode: DEVELOPER
10:28:01.189 [FXGL Background Thread 3 ] DEBUG Engine               - cSSList: [fxgl_dark.css]
10:28:01.190 [FXGL Background Thread 3 ] DEBUG Engine               - collisionDetectionStrategy: BRUTE_FORCE
10:28:01.190 [FXGL Background Thread 3 ] DEBUG Engine               - configClass: Optional.empty
10:28:01.190 [FXGL Background Thread 3 ] DEBUG Engine               - credits: []
10:28:01.192 [FXGL Background Thread 3 ] DEBUG Engine               - defaultCursor: CursorInfo(imageName=fxgl_default_cursor.png, hotspotX=7.0, hotspotY=6.0)
10:28:01.193 [FXGL Background Thread 3 ] DEBUG Engine               - devBBoxColorProperty: ObjectProperty [value: 0xff0000ff]
10:28:01.193 [FXGL Background Thread 3 ] DEBUG Engine               - devEnableDebugCameraProperty: BooleanProperty [value: false]
10:28:01.194 [FXGL Background Thread 3 ] DEBUG Engine               - devSensorColorProperty: ObjectProperty [value: 0xffff00ff]
10:28:01.194 [FXGL Background Thread 3 ] DEBUG Engine               - devShowBBoxProperty: BooleanProperty [value: false]
10:28:01.195 [FXGL Background Thread 3 ] DEBUG Engine               - devShowPositionProperty: BooleanProperty [value: false]
10:28:01.195 [FXGL Background Thread 3 ] DEBUG Engine               - enabledMenuItems: []
10:28:01.195 [FXGL Background Thread 3 ] DEBUG Engine               - engineServices: [class com.almasb.fxgl.app.services.FXGLAssetLoaderService, class com.almasb.fxgl.app.FXGLApplication$GameApplicationService, class com.almasb.fxgl.app.services.FXGLDialogService, class com.almasb.fxgl.app.services.IOTaskExecutorService, class com.almasb.fxgl.io.FileSystemService, class com.almasb.fxgl.localization.LocalizationService, class com.almasb.fxgl.app.services.SystemBundleService, class com.almasb.fxgl.profile.SaveLoadService, class com.almasb.fxgl.ui.FXGLUIFactoryServiceProvider, class com.almasb.fxgl.ui.FXGLDialogFactoryServiceProvider, class com.almasb.fxgl.audio.AudioPlayer, class com.almasb.fxgl.notification.impl.NotificationServiceProvider, class com.almasb.fxgl.achievement.AchievementService, class com.almasb.fxgl.cutscene.CutsceneService, class com.almasb.fxgl.minigames.MiniGameService, class com.almasb.fxgl.net.NetService, class com.almasb.fxgl.app.services.UpdaterService, class com.almasb.fxgl.dev.DevService]
10:28:01.196 [FXGL Background Thread 3 ] DEBUG Engine               - fontGame: Abel-Regular.ttf
10:28:01.196 [FXGL Background Thread 3 ] DEBUG Engine               - fontMono: TerminalLandMono-Regular.otf
10:28:01.196 [FXGL Background Thread 3 ] DEBUG Engine               - fontText: Courier-Prime.ttf
10:28:01.197 [FXGL Background Thread 3 ] DEBUG Engine               - fontUI: VarelaRound-Regular.ttf
10:28:01.197 [FXGL Background Thread 3 ] DEBUG Engine               - fullScreen: BooleanProperty [value: false]
10:28:01.197 [FXGL Background Thread 3 ] DEBUG Engine               - gameDifficulty: MEDIUM
10:28:01.198 [FXGL Background Thread 3 ] DEBUG Engine               - gameDifficultyProperty: ObjectProperty [value: MEDIUM]
10:28:01.198 [FXGL Background Thread 3 ] DEBUG Engine               - globalMusicVolume: 0.5
10:28:01.198 [FXGL Background Thread 3 ] DEBUG Engine               - globalMusicVolumeProperty: DoubleProperty [value: 0.5]
10:28:01.199 [FXGL Background Thread 3 ] DEBUG Engine               - globalSoundVolume: 0.5
10:28:01.199 [FXGL Background Thread 3 ] DEBUG Engine               - globalSoundVolumeProperty: DoubleProperty [value: 0.5]
10:28:01.200 [FXGL Background Thread 3 ] DEBUG Engine               - height: 720
10:28:01.200 [FXGL Background Thread 3 ] DEBUG Engine               - is3D: false
10:28:01.200 [FXGL Background Thread 3 ] DEBUG Engine               - isAndroid: false
10:28:01.200 [FXGL Background Thread 3 ] DEBUG Engine               - isBrowser: false
10:28:01.201 [FXGL Background Thread 3 ] DEBUG Engine               - isClickFeedbackEnabled: false
10:28:01.201 [FXGL Background Thread 3 ] DEBUG Engine               - isCloseConfirmation: false
10:28:01.201 [FXGL Background Thread 3 ] DEBUG Engine               - isDesktop: true
10:28:01.202 [FXGL Background Thread 3 ] DEBUG Engine               - isDeveloperMenuEnabled: false
10:28:01.202 [FXGL Background Thread 3 ] DEBUG Engine               - isEmbedded: false
10:28:01.202 [FXGL Background Thread 3 ] DEBUG Engine               - isEntityPreloadEnabled: true
10:28:01.203 [FXGL Background Thread 3 ] DEBUG Engine               - isExperimentalTiledLargeMap: false
10:28:01.203 [FXGL Background Thread 3 ] DEBUG Engine               - isFileSystemWriteAllowed: true
10:28:01.203 [FXGL Background Thread 3 ] DEBUG Engine               - isFullScreenAllowed: false
10:28:01.203 [FXGL Background Thread 3 ] DEBUG Engine               - isFullScreenFromStart: false
10:28:01.204 [FXGL Background Thread 3 ] DEBUG Engine               - isGameMenuEnabled: true
10:28:01.204 [FXGL Background Thread 3 ] DEBUG Engine               - isIOS: false
10:28:01.204 [FXGL Background Thread 3 ] DEBUG Engine               - isIntroEnabled: false
10:28:01.205 [FXGL Background Thread 3 ] DEBUG Engine               - isLinux: false
10:28:01.205 [FXGL Background Thread 3 ] DEBUG Engine               - isMac: false
10:28:01.205 [FXGL Background Thread 3 ] DEBUG Engine               - isMainMenuEnabled: false
10:28:01.205 [FXGL Background Thread 3 ] DEBUG Engine               - isManualResizeEnabled: false
10:28:01.206 [FXGL Background Thread 3 ] DEBUG Engine               - isMobile: false
10:28:01.206 [FXGL Background Thread 3 ] DEBUG Engine               - isNative: false
10:28:01.206 [FXGL Background Thread 3 ] DEBUG Engine               - isPauseMusicWhenMinimized: true
10:28:01.207 [FXGL Background Thread 3 ] DEBUG Engine               - isPreserveResizeRatio: false
10:28:01.207 [FXGL Background Thread 3 ] DEBUG Engine               - isProfilingEnabled: false
10:28:01.207 [FXGL Background Thread 3 ] DEBUG Engine               - isScaleAffectedOnResize: true
10:28:01.208 [FXGL Background Thread 3 ] DEBUG Engine               - isSingleStep: false
10:28:01.208 [FXGL Background Thread 3 ] DEBUG Engine               - isUserProfileEnabled: false
10:28:01.208 [FXGL Background Thread 3 ] DEBUG Engine               - isWindows: true
10:28:01.209 [FXGL Background Thread 3 ] DEBUG Engine               - language: ObjectProperty [value: ENGLISH]
10:28:01.210 [FXGL Background Thread 3 ] DEBUG Engine               - menuKey: ESCAPE
10:28:01.210 [FXGL Background Thread 3 ] DEBUG Engine               - mouseSensitivity: 0.2
10:28:01.210 [FXGL Background Thread 3 ] DEBUG Engine               - notificationViewClass: class com.almasb.fxgl.notification.view.XboxNotificationView
10:28:01.211 [FXGL Background Thread 3 ] DEBUG Engine               - pixelsPerMeter: 50.0
10:28:01.211 [FXGL Background Thread 3 ] DEBUG Engine               - platform: WINDOWS
10:28:01.211 [FXGL Background Thread 3 ] DEBUG Engine               - prefHeightProperty: ReadOnlyDoubleProperty [value: 720.0]
10:28:01.212 [FXGL Background Thread 3 ] DEBUG Engine               - prefWidthProperty: ReadOnlyDoubleProperty [value: 1280.0]
10:28:01.212 [FXGL Background Thread 3 ] DEBUG Engine               - profileDir: profiles/
10:28:01.212 [FXGL Background Thread 3 ] DEBUG Engine               - profileName: StringProperty [value: DEFAULT]
10:28:01.213 [FXGL Background Thread 3 ] DEBUG Engine               - randomSeed: -1
10:28:01.214 [FXGL Background Thread 3 ] DEBUG Engine               - runtimeInfo: RuntimeInfo(platform=WINDOWS, version=17, build=31.12.2021 18.16)
10:28:01.214 [FXGL Background Thread 3 ] DEBUG Engine               - saveFileExt: sav
10:28:01.214 [FXGL Background Thread 3 ] DEBUG Engine               - scaledHeightProp$fxgl: DoubleProperty [bound, value: 720.0]
10:28:01.215 [FXGL Background Thread 3 ] DEBUG Engine               - scaledWidthProp$fxgl: DoubleProperty [bound, value: 1280.0]
10:28:01.215 [FXGL Background Thread 3 ] DEBUG Engine               - sceneFactory: com.almasb.fxgl.app.scene.SceneFactory@588c433c
10:28:01.215 [FXGL Background Thread 3 ] DEBUG Engine               - secondsIn24h: 60
10:28:01.215 [FXGL Background Thread 3 ] DEBUG Engine               - soundMenuBack: menu/back.wav
10:28:01.216 [FXGL Background Thread 3 ] DEBUG Engine               - soundMenuPress: menu/press.wav
10:28:01.216 [FXGL Background Thread 3 ] DEBUG Engine               - soundMenuSelect: menu/select.wav
10:28:01.216 [FXGL Background Thread 3 ] DEBUG Engine               - soundNotification: core/notification.wav
10:28:01.216 [FXGL Background Thread 3 ] DEBUG Engine               - stageStyle: DECORATED
10:28:01.216 [FXGL Background Thread 3 ] DEBUG Engine               - supportedLanguages: [ENGLISH, FRENCH, GERMAN, HUNGARIAN, RUSSIAN]
10:28:01.217 [FXGL Background Thread 3 ] DEBUG Engine               - ticksPerSecond: -1
10:28:01.217 [FXGL Background Thread 3 ] DEBUG Engine               - title: SimpleTitle
10:28:01.217 [FXGL Background Thread 3 ] DEBUG Engine               - urlGithub: https://github.com/AlmasB/FXGL
10:28:01.217 [FXGL Background Thread 3 ] DEBUG Engine               - urlLeaderboard: http://fxgl-top.herokuapp.com/
10:28:01.217 [FXGL Background Thread 3 ] DEBUG Engine               - urlPOM: https://raw.githubusercontent.com/AlmasB/FXGL/release/README.md
10:28:01.217 [FXGL Background Thread 3 ] DEBUG Engine               - userAppClass: class RPG2D.App
10:28:01.218 [FXGL Background Thread 3 ] DEBUG Engine               - version: 0.0
10:28:01.218 [FXGL Background Thread 3 ] DEBUG Engine               - versionCheckDays: 7
10:28:01.218 [FXGL Background Thread 3 ] DEBUG Engine               - width: 1280
10:28:01.218 [FXGL Background Thread 3 ] DEBUG Engine               - Logging services
10:28:01.219 [FXGL Background Thread 3 ] DEBUG Engine               - class com.almasb.fxgl.app.services.FXGLAssetLoaderService
10:28:01.219 [FXGL Background Thread 3 ] DEBUG Engine               - class com.almasb.fxgl.app.FXGLApplication$GameApplicationService
10:28:01.219 [FXGL Background Thread 3 ] DEBUG Engine               - class com.almasb.fxgl.app.services.FXGLDialogService
10:28:01.219 [FXGL Background Thread 3 ] DEBUG Engine               - class com.almasb.fxgl.app.services.IOTaskExecutorService
10:28:01.219 [FXGL Background Thread 3 ] DEBUG Engine               - class com.almasb.fxgl.io.FileSystemService
10:28:01.219 [FXGL Background Thread 3 ] DEBUG Engine               - class com.almasb.fxgl.localization.LocalizationService
10:28:01.220 [FXGL Background Thread 3 ] DEBUG Engine               - class com.almasb.fxgl.app.services.SystemBundleService
10:28:01.220 [FXGL Background Thread 3 ] DEBUG Engine               - class com.almasb.fxgl.profile.SaveLoadService
10:28:01.220 [FXGL Background Thread 3 ] DEBUG Engine               - class com.almasb.fxgl.ui.FXGLUIFactoryServiceProvider
10:28:01.220 [FXGL Background Thread 3 ] DEBUG Engine               - class com.almasb.fxgl.ui.FXGLDialogFactoryServiceProvider
10:28:01.220 [FXGL Background Thread 3 ] DEBUG Engine               - class com.almasb.fxgl.audio.AudioPlayer
10:28:01.220 [FXGL Background Thread 3 ] DEBUG Engine               - class com.almasb.fxgl.notification.impl.NotificationServiceProvider
10:28:01.221 [FXGL Background Thread 3 ] DEBUG Engine               - class com.almasb.fxgl.achievement.AchievementService
10:28:01.221 [FXGL Background Thread 3 ] DEBUG Engine               - class com.almasb.fxgl.cutscene.CutsceneService
10:28:01.221 [FXGL Background Thread 3 ] DEBUG Engine               - class com.almasb.fxgl.minigames.MiniGameService
10:28:01.221 [FXGL Background Thread 3 ] DEBUG Engine               - class com.almasb.fxgl.net.NetService
10:28:01.221 [FXGL Background Thread 3 ] DEBUG Engine               - class com.almasb.fxgl.app.services.UpdaterService
10:28:01.221 [FXGL Background Thread 3 ] DEBUG Engine               - class com.almasb.fxgl.dev.DevService
10:28:02.406 [JavaFX Application Thread] DEBUG FXGLApplication      - Exiting FXGL
10:28:02.406 [JavaFX Application Thread] DEBUG LoopRunner           - Stopping loop
10:28:02.406 [JavaFX Application Thread] DEBUG SystemBundleService  - Saving FXGL system data
10:28:02.409 [JavaFX Application Thread] DEBUG FileSystemAccess     - Writing to: C:\Users\220157\IdeaProjects\NGEM\system\fxgl.bundle
10:28:02.412 [JavaFX Application Thread] DEBUG Async                - Shutting down background threads
10:28:02.413 [JavaFX Application Thread] DEBUG PrimaryStageWindow   - Closing main window
10:28:02.454 [JavaFX Application Thread] DEBUG Logger               - Closing Logger
