09:49:05.804 [main                     ] DEBUG Logger               - Configured Logger
09:49:05.927 [main                     ] DEBUG GameApplication      - Logging settings
Title: BasicGameSample
Version: 0.0
Width: 800
Height: 600
Fullscreen: false
Intro: false
Profiling: false
Single step:false
App Mode: DEVELOPER
Menu Key: ESCAPE
Stage Style: DECORATED
Scene Factory: class com.almasb.fxgl.app.scene.SceneFactory

09:49:06.614 [JavaFX Application Thread] DEBUG FXGLApplication      - Initializing FXGL
09:49:06.628 [JavaFX Application Thread] INFO  Engine               - FXGL-17 (31.12.2021 18.16) on WINDOWS (J:18.0.1.1 FX:18)
09:49:06.628 [JavaFX Application Thread] DEBUG Engine               - JRE Vendor Name: Oracle Corporation
09:49:06.629 [JavaFX Application Thread] DEBUG Engine               - Running on OS: Windows 10 version 10.0
09:49:06.629 [JavaFX Application Thread] DEBUG Engine               - Architecture: amd64
09:49:06.630 [JavaFX Application Thread] INFO  Engine               - Source code and latest versions at: https://github.com/AlmasB/FXGL
09:49:06.630 [JavaFX Application Thread] INFO  Engine               -       Ask questions and discuss at: https://github.com/AlmasB/FXGL/discussions
09:49:06.631 [JavaFX Application Thread] INFO  Engine               -              Join the FXGL chat at: https://gitter.im/AlmasB/FXGL
09:49:06.865 [JavaFX Application Thread] DEBUG PrimaryStageWindow   - Creating a JavaFX scene
09:49:06.972 [JavaFX Application Thread] DEBUG PrimaryStageWindow   - Target settings size: 800.0 x 600.0
09:49:06.973 [JavaFX Application Thread] DEBUG PrimaryStageWindow   - Scaled scene size:    800.0 x 600.0
09:49:06.974 [JavaFX Application Thread] DEBUG PrimaryStageWindow   - Scaled ratio: (1.0, 1.0)
09:49:06.976 [JavaFX Application Thread] DEBUG PrimaryStageWindow   - Set initial scene to FXGLStartupScene
09:49:06.993 [JavaFX Application Thread] DEBUG PrimaryStageWindow   - Opening main window
09:49:07.167 [JavaFX Application Thread] DEBUG PrimaryStageWindow   - Window border size: (16.0, 39.0)
09:49:07.167 [JavaFX Application Thread] DEBUG PrimaryStageWindow   - Scaled size: 800.0 x 600.0
09:49:07.168 [JavaFX Application Thread] DEBUG PrimaryStageWindow   - Scaled ratio: (1.0, 1.0)
09:49:07.169 [JavaFX Application Thread] DEBUG PrimaryStageWindow   - Scene size: 800.0 x 600.0
09:49:07.170 [JavaFX Application Thread] DEBUG PrimaryStageWindow   - Stage size: 816.0 x 639.0
09:49:07.202 [FXGL Background Thread 1 ] DEBUG Engine               - Initializing environment variables
09:49:07.345 [FXGL Background Thread 1 ] DEBUG FXGLAssetLoaderServi - User app class for loading assets: class RPG2D.App
09:49:07.347 [FXGL Background Thread 1 ] DEBUG GameApplicationServi - Applying CSS: fxgl_dark.css
09:49:07.349 [FXGL Background Thread 1 ] DEBUG FXGLAssetLoaderServi - Loading from file system: jar:file:///C:/Users/220157/.m2/repository/com/github/almasb/fxgl/17/fxgl-17.jar!/fxglassets/ui/css/fxgl_dark.css
09:49:07.468 [FXGL Background Thread 1 ] DEBUG GameApplicationServi - Initializing application scenes
09:49:07.892 [FXGL Background Thread 1 ] DEBUG GameWorld            - Game world initialized
09:49:08.030 [FXGL Background Thread 1 ] DEBUG PhysicsWorld         - Physics world initialized: appHeight=600, physics.ppm=50.0
09:49:08.030 [FXGL Background Thread 1 ] DEBUG PhysicsWorld         - Using strategy: BRUTE_FORCE
09:49:08.043 [FXGL Background Thread 1 ] DEBUG GameScene            - Game scene initialized: 800x600
09:49:08.071 [FXGL Background Thread 1 ] DEBUG FXGL.DefaultMenu     - createMenuBodyGameMenu()
09:49:08.110 [FXGL Background Thread 1 ] DEBUG FXGL.DefaultMenu     - createOptionsMenu()
09:49:08.145 [FXGL Background Thread 1 ] DEBUG FXGLAssetLoaderServi - Loading from file system: jar:file:///C:/Users/220157/.m2/repository/com/github/almasb/fxgl/17/fxgl-17.jar!/fxglassets/textures/particles/smoke.png
09:49:08.396 [FXGL Background Thread 1 ] DEBUG FXGLAssetLoaderServi - Loading from file system: jar:file:///C:/Users/220157/.m2/repository/com/github/almasb/fxgl/17/fxgl-17.jar!/fxglassets/textures/particles/trace_horizontal.png
09:49:08.464 [FXGL Background Thread 1 ] DEBUG GameApplicationServi - Application scenes initialized
09:49:08.498 [FXGL Background Thread 1 ] DEBUG SystemBundleService  - Loading FXGL system data
09:49:08.510 [FXGL Background Thread 1 ] DEBUG FileSystemAccess     - Reading from: C:\Users\220157\IdeaProjects\NGEM\system\fxgl.bundle
09:49:08.538 [FXGL Background Thread 1 ] DEBUG SystemBundleService  - Bundle FXGL: {}
09:49:08.539 [FXGL Background Thread 1 ] DEBUG UpdaterService       - Checking for updates
09:49:08.550 [FXGL Background Thread 1 ] DEBUG FXGLApplication      - Loading default localization
09:49:08.551 [FXGL Background Thread 1 ] DEBUG FXGLAssetLoaderServi - Loading from file system: jar:file:///C:/Users/220157/.m2/repository/com/github/almasb/fxgl/17/fxgl-17.jar!/fxglassets/languages/english.lang
09:49:08.557 [FXGL Background Thread 4 ] DEBUG FXGLApplication      - Loading fonts
09:49:08.559 [FXGL Background Thread 4 ] DEBUG FXGLAssetLoaderServi - Loading from file system: jar:file:///C:/Users/220157/.m2/repository/com/github/almasb/fxgl/17/fxgl-17.jar!/fxglassets/ui/fonts/VarelaRound-Regular.ttf
09:49:08.631 [FXGL Background Thread 1 ] INFO  FXGLApplication      - FXGL initialization took: 1.429 sec
09:49:08.634 [JavaFX Application Thread] DEBUG FXGLAssetLoaderServi - Loading from file system: jar:file:///C:/Users/220157/.m2/repository/com/github/almasb/fxgl/17/fxgl-17.jar!/fxglassets/textures/fxgl_icon.png
09:49:08.816 [JavaFX Application Thread] DEBUG FXGLAssetLoaderServi - Loading from file system: jar:file:///C:/Users/220157/.m2/repository/com/github/almasb/fxgl/17/fxgl-17.jar!/fxglassets/textures/fxgl_default_cursor.png
09:49:08.841 [JavaFX Application Thread] DEBUG Input                - Registered new binding: Screenshot - CTRL+8
09:49:08.841 [JavaFX Application Thread] DEBUG Input                - Registered new binding: System info dump - CTRL+9
09:49:08.843 [JavaFX Application Thread] DEBUG Input                - Registered new binding: Restart - CTRL+R
09:49:08.844 [JavaFX Application Thread] DEBUG Input                - Registered new binding: Toggle Debug Camera - CTRL+7
09:49:08.864 [JavaFX Application Thread] DEBUG LoopRunner           - Starting loop
09:49:08.864 [JavaFX Application Thread] DEBUG LoopRunner           - Initializing JavaFX AnimationTimerLoop
09:49:08.867 [JavaFX Application Thread] DEBUG GameApplicationServi - Starting new game
09:49:08.868 [JavaFX Application Thread] DEBUG Input                - Clearing active input actions
09:49:08.910 [JavaFX Application Thread] DEBUG GameApplicationServi - Removing overlay from FXGLStartupScene and adding to FXGLLoadingScene
09:49:08.911 [JavaFX Application Thread] DEBUG PrimaryStageWindow   - FXGLStartupScene -> FXGLLoadingScene
09:49:08.911 [JavaFX Application Thread] DEBUG GameApplicationServi - Clearing previous game
09:49:08.929 [JavaFX Application Thread] DEBUG GameScene            - Clearing game scene
09:49:08.930 [JavaFX Application Thread] DEBUG GameWorld            - Clearing game world
09:49:08.931 [JavaFX Application Thread] DEBUG PhysicsWorld         - Clearing physics world
09:49:08.942 [FXGL Background Thread 1 ] DEBUG FXGLApplication      - Initializing game
09:49:08.954 [FXGL Background Thread 1 ] INFO  FXGLApplication      - Game initialization took: 0.011 sec
09:49:09.073 [JavaFX Application Thread] DEBUG Input                - Clearing active input actions
09:49:09.128 [JavaFX Application Thread] DEBUG GameApplicationServi - Removing overlay from FXGLLoadingScene and adding to GameScene
09:49:09.129 [JavaFX Application Thread] DEBUG PrimaryStageWindow   - FXGLLoadingScene -> GameScene
09:49:09.339 [FXGL Background Thread 4 ] DEBUG FXGLAssetLoaderServi - Loading from file system: jar:file:///C:/Users/220157/.m2/repository/com/github/almasb/fxgl/17/fxgl-17.jar!/fxglassets/ui/fonts/Abel-Regular.ttf
09:49:09.357 [FXGL Background Thread 4 ] DEBUG FXGLAssetLoaderServi - Loading from file system: jar:file:///C:/Users/220157/.m2/repository/com/github/almasb/fxgl/17/fxgl-17.jar!/fxglassets/ui/fonts/TerminalLandMono-Regular.otf
09:49:09.382 [FXGL Background Thread 4 ] DEBUG FXGLAssetLoaderServi - Loading from file system: jar:file:///C:/Users/220157/.m2/repository/com/github/almasb/fxgl/17/fxgl-17.jar!/fxglassets/ui/fonts/Courier-Prime.ttf
09:49:09.407 [JavaFX Application Thread] DEBUG FXGLApplication      - Registering font factories with UI factory
09:49:10.256 [FXGL Background Thread 2 ] INFO  UpdaterService       - Your current version:  17
09:49:10.256 [FXGL Background Thread 2 ] INFO  UpdaterService       - Latest stable version: 17.1
09:49:10.555 [JavaFX Application Thread] DEBUG FXGLApplication      - Exiting FXGL
09:49:10.555 [JavaFX Application Thread] DEBUG LoopRunner           - Stopping loop
09:49:10.555 [JavaFX Application Thread] DEBUG SystemBundleService  - Saving FXGL system data
09:49:10.560 [JavaFX Application Thread] DEBUG FileSystemAccess     - Writing to: C:\Users\220157\IdeaProjects\NGEM\system\fxgl.bundle
09:49:10.564 [JavaFX Application Thread] DEBUG Async                - Shutting down background threads
09:49:10.564 [JavaFX Application Thread] DEBUG PrimaryStageWindow   - Closing main window
09:49:10.601 [JavaFX Application Thread] DEBUG Logger               - Closing Logger
